[  0%] Built target nav_msgs_generate_messages_cpp
[  0%] Built target geometry_msgs_generate_messages_cpp
[  0%] Built target _quadrotor_msgs_generate_messages_check_deps_TrajectoryMatrix
[  0%] Built target _quadrotor_msgs_generate_messages_check_deps_SwarmInfo
[  0%] Built target _quadrotor_msgs_generate_messages_check_deps_SwarmCommand
[  0%] Built target _quadrotor_msgs_generate_messages_check_deps_StatusData
[  0%] Built target _quadrotor_msgs_generate_messages_check_deps_AuxCommand
[  0%] Built target _quadrotor_msgs_generate_messages_check_deps_Replan
[  0%] Built target _quadrotor_msgs_generate_messages_check_deps_SpatialTemporalTrajectory
[  0%] Built target _quadrotor_msgs_generate_messages_check_deps_Odometry
[  0%] Built target _quadrotor_msgs_generate_messages_check_deps_PPROutputData
[  0%] Built target _quadrotor_msgs_generate_messages_check_deps_Corrections
[  0%] Built target _quadrotor_msgs_generate_messages_check_deps_Bspline
[  0%] Built target _quadrotor_msgs_generate_messages_check_deps_PositionCommand
[  0%] Built target _quadrotor_msgs_generate_messages_check_deps_ReplanCheck
[  0%] Built target _quadrotor_msgs_generate_messages_check_deps_SwarmOdometry
[  0%] Built target _quadrotor_msgs_generate_messages_check_deps_OutputData
[  0%] Built target _quadrotor_msgs_generate_messages_check_deps_Gains
[  0%] Built target _quadrotor_msgs_generate_messages_check_deps_SO3Command
[  0%] Built target nav_msgs_generate_messages_nodejs
[  0%] Built target _quadrotor_msgs_generate_messages_check_deps_PolynomialTrajectory
[  0%] Built target geometry_msgs_generate_messages_eus
[  0%] Built target geometry_msgs_generate_messages_lisp
[  0%] Built target nav_msgs_generate_messages_eus
[  0%] Built target nav_msgs_generate_messages_lisp
[  0%] Built target geometry_msgs_generate_messages_py
[  0%] Built target geometry_msgs_generate_messages_nodejs
[  0%] Built target nav_msgs_generate_messages_py
[  0%] Built target _quadrotor_msgs_generate_messages_check_deps_Serial
[  0%] Built target _quadrotor_msgs_generate_messages_check_deps_OptimalTimeAllocator
[  0%] Built target _quadrotor_msgs_generate_messages_check_deps_TRPYCommand
[ 37%] Built target quadrotor_msgs_generate_messages_nodejs
[ 39%] Built target quadrotor_msgs_generate_messages_eus
[ 78%] Built target quadrotor_msgs_generate_messages_cpp
[ 78%] Built target quadrotor_msgs_generate_messages_py
[ 96%] Built target quadrotor_msgs_generate_messages_lisp
[ 97%] Built target decode_msgs
[ 98%] Built target quadrotor_msgs_generate_messages
[100%] Built target encode_msgs
