Determining if the pthread_create exist failed with the following output:
Change Dir: /home/liuboyuu/Pathplanning_ws/chap5_ws/build/catkin_tools_prebuild/CMakeFiles/CMakeTmp

Run Build Command:"/usr/bin/make" "cmTC_ee5cb/fast"
/usr/bin/make -f CMakeFiles/cmTC_ee5cb.dir/build.make CMakeFiles/cmTC_ee5cb.dir/build
make[1]: Entering directory '/home/liuboyuu/Pathplanning_ws/chap5_ws/build/catkin_tools_prebuild/CMakeFiles/CMakeTmp'
Building C object CMakeFiles/cmTC_ee5cb.dir/CheckSymbolExists.c.o
/usr/bin/cc    -o CMakeFiles/cmTC_ee5cb.dir/CheckSymbolExists.c.o   -c /home/liuboyuu/Pathplanning_ws/chap5_ws/build/catkin_tools_prebuild/CMakeFiles/CMakeTmp/CheckSymbolExists.c
Linking C executable cmTC_ee5cb
/usr/bin/cmake -E cmake_link_script CMakeFiles/cmTC_ee5cb.dir/link.txt --verbose=1
/usr/bin/cc      -rdynamic CMakeFiles/cmTC_ee5cb.dir/CheckSymbolExists.c.o  -o cmTC_ee5cb 
CMakeFiles/cmTC_ee5cb.dir/CheckSymbolExists.c.o: In function `main':
CheckSymbolExists.c:(.text+0x1b): undefined reference to `pthread_create'
collect2: error: ld returned 1 exit status
CMakeFiles/cmTC_ee5cb.dir/build.make:97: recipe for target 'cmTC_ee5cb' failed
make[1]: *** [cmTC_ee5cb] Error 1
make[1]: Leaving directory '/home/liuboyuu/Pathplanning_ws/chap5_ws/build/catkin_tools_prebuild/CMakeFiles/CMakeTmp'
Makefile:126: recipe for target 'cmTC_ee5cb/fast' failed
make: *** [cmTC_ee5cb/fast] Error 2

File /home/liuboyuu/Pathplanning_ws/chap5_ws/build/catkin_tools_prebuild/CMakeFiles/CMakeTmp/CheckSymbolExists.c:
/* */
#include <pthread.h>

int main(int argc, char** argv)
{
  (void)argv;
#ifndef pthread_create
  return ((int*)(&pthread_create))[argc];
#else
  (void)argc;
  return 0;
#endif
}

Determining if the function pthread_create exists in the pthreads failed with the following output:
Change Dir: /home/liuboyuu/Pathplanning_ws/chap5_ws/build/catkin_tools_prebuild/CMakeFiles/CMakeTmp

Run Build Command:"/usr/bin/make" "cmTC_a73e5/fast"
/usr/bin/make -f CMakeFiles/cmTC_a73e5.dir/build.make CMakeFiles/cmTC_a73e5.dir/build
make[1]: Entering directory '/home/liuboyuu/Pathplanning_ws/chap5_ws/build/catkin_tools_prebuild/CMakeFiles/CMakeTmp'
Building C object CMakeFiles/cmTC_a73e5.dir/CheckFunctionExists.c.o
/usr/bin/cc   -DCHECK_FUNCTION_EXISTS=pthread_create   -o CMakeFiles/cmTC_a73e5.dir/CheckFunctionExists.c.o   -c /usr/share/cmake-3.10/Modules/CheckFunctionExists.c
Linking C executable cmTC_a73e5
/usr/bin/cmake -E cmake_link_script CMakeFiles/cmTC_a73e5.dir/link.txt --verbose=1
/usr/bin/cc  -DCHECK_FUNCTION_EXISTS=pthread_create    -rdynamic CMakeFiles/cmTC_a73e5.dir/CheckFunctionExists.c.o  -o cmTC_a73e5 -lpthreads 
/usr/bin/ld: cannot find -lpthreads
collect2: error: ld returned 1 exit status
CMakeFiles/cmTC_a73e5.dir/build.make:97: recipe for target 'cmTC_a73e5' failed
make[1]: *** [cmTC_a73e5] Error 1
make[1]: Leaving directory '/home/liuboyuu/Pathplanning_ws/chap5_ws/build/catkin_tools_prebuild/CMakeFiles/CMakeTmp'
Makefile:126: recipe for target 'cmTC_a73e5/fast' failed
make: *** [cmTC_a73e5/fast] Error 2


